<?xml version="1.0" encoding="UTF-8"?>
<testng-results ignored="0" total="1" passed="1" failed="0" skipped="0">
  <reporter-output>
  </reporter-output>
  <suite started-at="2024-11-20T19:32:44 IST" name="Pat Information Initiative for Medicines Test Automation Test Suite" finished-at="2024-11-20T19:33:02 IST" duration-ms="18477">
    <groups>
    </groups>
    <test started-at="2024-11-20T19:32:44 IST" name="Pat Information Test Cases" finished-at="2024-11-20T19:33:02 IST" duration-ms="18477">
      <class name="com.pat.qa.testcases.HomePageTest">
        <test-method is-config="true" signature="setUp()[pri:0, instance:com.pat.qa.testcases.HomePageTest@2e6a8155]" started-at="2024-11-20T19:32:44 IST" name="setUp" finished-at="2024-11-20T19:33:00 IST" duration-ms="15881" status="PASS">
          <reporter-output>
          </reporter-output>
        </test-method> <!-- setUp -->
        <test-method signature="testValidateTableAndDates()[pri:0, instance:com.pat.qa.testcases.HomePageTest@2e6a8155]" started-at="2024-11-20T19:33:00 IST" name="testValidateTableAndDates" finished-at="2024-11-20T19:33:02 IST" duration-ms="2337" status="PASS">
          <reporter-output>
          </reporter-output>
        </test-method> <!-- testValidateTableAndDates -->
        <test-method is-config="true" signature="tearDown()[pri:0, instance:com.pat.qa.testcases.HomePageTest@2e6a8155]" started-at="2024-11-20T19:33:02 IST" name="tearDown" finished-at="2024-11-20T19:33:02 IST" duration-ms="219" status="PASS">
          <reporter-output>
          </reporter-output>
        </test-method> <!-- tearDown -->
      </class> <!-- com.pat.qa.testcases.HomePageTest -->
    </test> <!-- Pat Information Test Cases -->
  </suite> <!-- Pat Information Initiative for Medicines Test Automation Test Suite -->
</testng-results>
